<?xml version="1.0" encoding="UTF-8"?>
<!-- Generated by org.testng.reporters.JUnitXMLReporter -->
<testsuite ignored="0" hostname="SSPL-E450-0049" failures="0" tests="2" name="Test1" time="0.284" errors="0" timestamp="2020-07-09T15:17:48 IST">
  <testcase classname="Tests.Registration" name="@BeforeTest setup" time="0.166">
    <failure type="java.lang.IllegalStateException" message="The driver executable does not exist: C:\Users\ravi.tulsiani\EclipseCoreJava\cap3\resources\chromedriver.exe">
      <![CDATA[java.lang.IllegalStateException: The driver executable does not exist: C:\Users\ravi.tulsiani\EclipseCoreJava\cap3\resources\chromedriver.exe
at com.google.common.base.Preconditions.checkState(Preconditions.java:585)
at org.openqa.selenium.remote.service.DriverService.checkExecutable(DriverService.java:146)
at org.openqa.selenium.remote.service.DriverService.findExecutable(DriverService.java:141)
at org.openqa.selenium.chrome.ChromeDriverService.access$000(ChromeDriverService.java:35)
at org.openqa.selenium.chrome.ChromeDriverService$Builder.findDefaultExecutable(ChromeDriverService.java:159)
at org.openqa.selenium.remote.service.DriverService$Builder.build(DriverService.java:355)
at org.openqa.selenium.chrome.ChromeDriverService.createDefaultService(ChromeDriverService.java:94)
at org.openqa.selenium.chrome.ChromeDriver.<init>(ChromeDriver.java:123)
at Tests.Registration.setup(Registration.java:17)
... Removed 24 stack frames]]>
    </failure>
  </testcase> <!-- @BeforeTest setup -->
  <testcase classname="Tests.Registration" name="regTest1" time="0.0">
    <skipped/>
  </testcase> <!-- regTest1 -->
  <testcase classname="Tests.Registration" name="regTest2" time="0.0">
    <skipped/>
  </testcase> <!-- regTest2 -->
</testsuite> <!-- Test1 -->
